[Tue Apr 22 01:11:10 2025] ondigo performed 'Registration successful' on 'system'
[Tue Apr 22 01:11:32 2025] ondigo performed 'Session started' on 'system'
[Tue Apr 22 01:11:32 2025] ondigo performed 'Login successful' on 'system'
[Tue Apr 22 01:11:51 2025] ondigo performed 'Session ended' on 'system'
[Tue Apr 22 01:16:01 2025] oo performed 'Login failed' on 'system'
[Tue Apr 22 01:16:09 2025] ondigo performed 'Session started' on 'system'
[Tue Apr 22 01:16:09 2025] ondigo performed 'Login successful' on 'system'
[Tue Apr 22 01:17:03 2025] ondigo performed 'Session ended' on 'system'
[Tue Apr 22 01:17:38 2025] ondigo performed 'Session started' on 'system'
[Tue Apr 22 01:17:38 2025] ondigo performed 'Login' on 'System'
[Tue Apr 22 01:21:05 2025] ondigo performed 'Session ended' on 'system'
[Tue Apr 22 01:21:44 2025] ondigo performed 'Login failed' on 'system'
[Tue Apr 22 01:22:03 2025] ondigo performed 'Login failed' on 'system'
[Tue Apr 22 01:22:11 2025] 3 performed 'Login failed' on 'system'
[Tue Apr 22 01:22:34 2025] ondigo performed 'Registration successful' on 'system'
[Tue Apr 22 01:22:56 2025] ondigo performed 'Session started' on 'system'
[Tue Apr 22 01:22:56 2025] ondigo performed 'Login successful' on 'system'
[Wed Apr 23 14:08:03 2025] ondigo performed 'Login failed' on 'system'
[Wed Apr 23 14:18:37 2025] ondigo performed 'Registration successful' on 'system'
[Wed Apr 23 14:19:08 2025] ondigo performed 'Session started' on 'system'
[Wed Apr 23 14:19:08 2025] ondigo performed 'Login successful' on 'system'
[Wed Apr 23 14:32:54 2025] ondigo performed 'Session started' on 'system'
[Wed Apr 23 14:32:54 2025] ondigo performed 'Login successful' on 'system'
[Thu Apr 24 15:24:15 2025] westy performed 'Registration successful' on 'system'
[Thu Apr 24 15:24:30 2025] westy performed 'Session started' on 'system'
[Thu Apr 24 15:24:30 2025] westy performed 'Login successful' on 'system'
[Thu Apr 24 15:25:36 2025] westy performed 'Session started' on 'system'
[Thu Apr 24 15:25:36 2025] westy performed 'Login successful' on 'system'
[Thu Apr 24 15:39:46 2025] westy performed 'Session started' on 'system'
[Thu Apr 24 15:39:46 2025] westy performed 'Login successful' on 'system'
[Thu Apr 24 15:40:44 2025] westy performed 'Uploaded file' on 'test.txt'
[Thu Apr 24 15:41:12 2025] westy performed 'Deleted file' on 'test.txt'
[Thu Apr 24 15:41:38 2025] westy performed 'Uploaded file' on 'fil.txt'
[Thu Apr 24 15:42:45 2025] westy performed 'Downloaded file' on 'fil.txt'
[Thu Apr 24 16:01:34 2025] westy performed 'Session ended' on 'system'
[Thu Apr 24 17:28:39 2025] westy performed 'Session started' on 'system'
[Thu Apr 24 17:28:39 2025] westy performed 'Login successful' on 'system'
[Thu Apr 24 17:34:57 2025] westy performed 'Session ended' on 'system'
[Thu Apr 24 17:36:08 2025] westy performed 'Session started' on 'system'
[Thu Apr 24 17:36:08 2025] westy performed 'Login successful' on 'system'
[Thu Apr 24 17:37:32 2025] westy performed 'Password changed' on 'N/A'
[Thu Apr 24 17:37:44 2025] westy performed 'Session ended' on 'system'
[Thu Apr 24 17:37:55 2025] westy performed 'Login failed' on 'system'
[Thu Apr 24 17:38:09 2025] westy performed 'Session started' on 'system'
[Thu Apr 24 17:38:09 2025] westy performed 'Login successful' on 'system'
[Thu Apr 24 17:50:00 2025] westy performed 'Session ended' on 'system'
[Thu Apr 24 17:57:16 2025] westy performed 'Session started' on 'system'
[Thu Apr 24 17:57:16 2025] westy performed 'Login successful' on 'system'
[Thu Apr 24 17:58:33 2025] westy performed 'Password changed' on 'N/A'
[Thu Apr 24 18:38:10 2025] ondigo performed 'Login failed' on 'system'
[Thu Apr 24 18:38:24 2025] ondigo performed 'Login failed' on 'system'
[Thu Apr 24 18:38:30 2025] 4 performed 'Login failed' on 'system'
[Thu Apr 24 18:39:02 2025] test performed 'Registration successful' on 'system'
[Thu Apr 24 18:39:08 2025] test performed 'Session started' on 'system'
[Thu Apr 24 18:39:08 2025] test performed 'Login successful' on 'system'
[Thu Apr 24 18:39:46 2025] test performed 'Password changed' on 'N/A'
[Thu Apr 24 19:21:01 2025] westy performed 'Login failed' on 'system'
[Thu Apr 24 19:21:08 2025] westy performed 'Session started' on 'system'
[Thu Apr 24 19:21:08 2025] westy performed 'Login successful' on 'system'
[Thu Apr 24 19:57:48 2025] wes performed 'Registration successful' on 'system'
[Thu Apr 24 19:58:01 2025] wes performed 'Session started' on 'system'
[Thu Apr 24 19:58:01 2025] wes performed 'Login successful' on 'system'
[Thu Apr 24 19:58:18 2025] wes performed 'Uploaded file' on 'testfile.txt'
[Thu Apr 24 19:59:40 2025] wes performed 'Downloaded file' on 'testfile.txt'
[Thu Apr 24 20:05:17 2025] wes performed 'Session ended' on 'system'
[Thu Apr 24 20:06:03 2025] wes performed 'Session started' on 'system'
[Thu Apr 24 20:06:03 2025] wes performed 'Login successful' on 'system'
[Thu Apr 24 20:07:50 2025] wes performed 'Session started' on 'system'
[Thu Apr 24 20:07:50 2025] wes performed 'Login successful' on 'system'
[Thu Apr 24 20:07:57 2025] wes performed 'Uploaded file' on 'testfile2.txt'
[Thu Apr 24 20:08:15 2025] wes performed 'Downloaded file' on 'testfile2.txt'
[Thu Apr 24 20:14:43 2025] ondigo performed 'Login failed' on 'system'
[Thu Apr 24 20:14:52 2025] ondigo performed 'Login failed' on 'system'
[Thu Apr 24 20:15:01 2025] westy performed 'Login failed' on 'system'
[Thu Apr 24 20:15:10 2025] westy performed 'Session started' on 'system'
[Thu Apr 24 20:15:10 2025] westy performed 'Login successful' on 'system'
[Thu Apr 24 20:15:38 2025] westy performed 'Session ended' on 'system'
[Thu Apr 24 20:16:04 2025] wes performed 'Session started' on 'system'
[Thu Apr 24 20:16:04 2025] wes performed 'Login successful' on 'system'
[Thu Apr 24 21:25:30 2025] wes performed 'Session started' on 'system'
[Thu Apr 24 21:25:30 2025] wes performed 'Login successful' on 'system'
[Thu Apr 24 22:11:49 2025] wes performed 'Session started' on 'system'
[Thu Apr 24 22:11:49 2025] wes performed 'Login successful' on 'system'
[Thu Apr 24 22:12:41 2025] wes performed 'Session started' on 'system'
[Thu Apr 24 22:12:41 2025] wes performed 'Login successful' on 'system'
[Thu Apr 24 22:12:54 2025] wes performed 'Uploaded file' on 'testfile3.txt'
[Thu Apr 24 22:13:01 2025] wes performed 'Downloaded file' on 'testfile3.txt'
[Thu Apr 24 22:13:47 2025] wes performed 'Session started' on 'system'
[Thu Apr 24 22:13:47 2025] wes performed 'Login successful' on 'system'
[Thu Apr 24 22:14:10 2025] wes performed 'Downloaded file' on 'testfile3.txt'
[Thu Apr 24 22:15:28 2025] wes performed 'Deleted file' on 'testfile3.txt'
[Thu Apr 24 22:17:01 2025] wes performed 'Session ended' on 'system'
